<?xml version="1.0" encoding="UTF-8"?>
<!-- Generated by org.testng.reporters.JUnitReportReporter -->
<testsuite hostname="REM-LT-220214C" failures="0" tests="2" name="com.unosquare.FirstAPITest2" time="5.516" errors="0" timestamp="2022-02-21T16:14:28 CST" skipped="0">
  <testcase classname="com.unosquare.FirstAPITest2" name="f" time="4.944"/>
  <system-out>
    <![CDATA[Sucess 200 validation
{"data":{"id":2,"name":"fuchsia rose","year":2001,"color":"#C74375","pantone_value":"17-2031"},"support":{"url":"https://reqres.in/#support-heading","text":"To keep ReqRes free, contributions towards server costs are appreciated!"}}]]>
  </system-out>
  <testcase classname="com.unosquare.FirstAPITest2" name="f_Gherkin" time="0.572"/>
  <system-out>
    <![CDATA[Sucess 200 validation]]>
  </system-out>
</testsuite> <!-- com.unosquare.FirstAPITest2 -->
