<?xml version="1.0" encoding="UTF-8"?>
<!-- Generated by org.testng.reporters.JUnitReportReporter -->
<testsuite hostname="REM-LT-220214C" failures="0" tests="3" name="com.unosquare.FirstAPIPost" time="5.701" errors="0" timestamp="2022-02-23T16:22:20 CST" skipped="0">
  <testcase classname="com.unosquare.FirstAPIPost" name="createPostJsonFileRegister" time="0.806"/>
  <system-out>
    <![CDATA[-- Test Post Register-Successful --
Body sent: {"password":"pistol","email":"eve.holt@reqres.in"}
Status code: 200
Body response: {"id":4,"token":"QpwL5tke4Pnpja7X4"}]]>
  </system-out>
  <testcase classname="com.unosquare.FirstAPIPost" name="createPost" time="4.052"/>
  <system-out>
    <![CDATA[{
    "name": "JohnAPI Test",
    "job": "QA",
    "id": "557",
    "createdAt": "2022-02-23T22:21:52.267Z"
}]]>
  </system-out>
  <testcase classname="com.unosquare.FirstAPIPost" name="createPostJsonFileLogin" time="0.843"/>
  <system-out>
    <![CDATA[-- Test Post Login-Successful --
Body sent: {"password":"pistol","email":"eve.holt@reqres.in"}
Status code: 200
Body response: {"token":"QpwL5tke4Pnpja7X4"}]]>
  </system-out>
</testsuite> <!-- com.unosquare.FirstAPIPost -->
