<?xml version="1.0" encoding="UTF-8"?>
<!-- Generated by org.testng.reporters.JUnitReportReporter -->
<testsuite hostname="REM-LT-220214C" failures="0" tests="3" name="com.unosquare.FirstAPIPostEnhancement" time="5.477" errors="0" timestamp="2022-02-23T16:24:04 CST" skipped="0">
  <testcase classname="com.unosquare.FirstAPIPostEnhancement" name="createPostJsonFileLogin" time="0.639"/>
  <system-out>
    <![CDATA[-- Test --
Body sent: {"password":"pistol","email":"eve.holt@reqres.in"}
Status code: 200
Body response: {"token":"QpwL5tke4Pnpja7X4"}]]>
  </system-out>
  <testcase classname="com.unosquare.FirstAPIPostEnhancement" name="createPostJsonFileRegister" time="0.519"/>
  <system-out>
    <![CDATA[-- Test Post Register-Successful --
Body sent: {"password":"pistol","email":"eve.holt@reqres.in"}
Status code: 200
Body response: {"id":4,"token":"QpwL5tke4Pnpja7X4"}]]>
  </system-out>
  <testcase classname="com.unosquare.FirstAPIPostEnhancement" name="createPost" time="4.319"/>
  <system-out>
    <![CDATA[{
    "name": "JohnAPI Test",
    "job": "QA",
    "id": "376",
    "createdAt": "2022-02-23T22:23:36.340Z"
}]]>
  </system-out>
</testsuite> <!-- com.unosquare.FirstAPIPostEnhancement -->
